SF:lib\app.dart
DA:9,0
DA:11,0
DA:13,0
DA:14,0
DA:15,0
LF:5
LH:0
end_of_record
SF:lib\app_view.dart
DA:18,1
DA:20,0
DA:22,0
DA:23,0
DA:24,0
DA:25,0
DA:27,0
DA:29,0
DA:30,0
DA:32,0
DA:34,0
DA:35,0
DA:37,0
DA:38,0
DA:39,0
DA:41,0
DA:42,0
DA:43,0
DA:44,0
DA:45,0
DA:46,0
DA:47,0
DA:50,0
DA:51,0
DA:52,0
DA:55,0
DA:56,0
DA:57,0
DA:60,0
DA:62,0
DA:63,0
DA:64,0
DA:67,0
DA:70,0
DA:83,0
DA:84,0
DA:85,0
LF:37
LH:1
end_of_record
SF:lib\screens\home\incidents\add_incident_page.dart
DA:14,1
DA:16,1
DA:17,1
DA:29,0
DA:31,0
DA:32,0
DA:35,0
DA:36,0
DA:37,0
DA:40,0
DA:41,0
DA:46,0
DA:47,0
DA:49,0
DA:50,0
DA:54,0
DA:55,0
DA:56,0
DA:57,0
DA:60,0
DA:62,0
DA:63,0
DA:67,0
DA:68,0
DA:71,0
DA:72,0
DA:77,1
DA:79,1
DA:80,0
DA:81,0
DA:85,0
DA:86,0
DA:88,0
DA:89,0
DA:90,0
DA:92,0
DA:94,0
DA:95,0
DA:98,0
DA:100,0
DA:101,0
DA:102,0
DA:103,0
DA:111,0
DA:113,0
DA:114,0
DA:115,0
DA:116,0
DA:121,0
DA:123,0
DA:124,0
DA:125,0
DA:126,0
DA:131,0
DA:132,0
DA:134,0
DA:135,0
DA:136,0
DA:147,0
DA:148,0
DA:152,0
DA:153,0
DA:155,0
DA:156,0
DA:158,0
DA:160,0
DA:161,0
DA:166,0
DA:167,0
DA:168,0
DA:169,0
DA:170,0
DA:171,0
DA:173,0
DA:175,0
DA:176,0
DA:177,0
DA:178,0
DA:179,0
DA:180,0
DA:181,0
DA:182,0
DA:183,0
DA:185,0
DA:186,0
DA:189,0
LF:86
LH:5
end_of_record
SF:lib\blocs\authentication_bloc\authentication_event.dart
DA:5,0
DA:7,0
DA:8,0
DA:12,0
LF:4
LH:0
end_of_record
SF:lib\blocs\authentication_bloc\authentication_state.dart
DA:9,1
DA:14,1
DA:16,0
DA:17,0
DA:19,1
DA:20,0
DA:22,0
DA:23,0
LF:8
LH:3
end_of_record
SF:lib\blocs\authentication_bloc\authentication_bloc.dart
DA:16,0
DA:18,0
DA:19,0
DA:20,0
DA:23,0
DA:24,0
DA:25,0
DA:27,0
DA:31,0
DA:33,0
DA:34,0
LF:11
LH:0
end_of_record
SF:lib\blocs\create_incident_bloc\create_incident_event.dart
DA:4,0
DA:6,0
DA:7,0
DA:14,0
DA:16,0
DA:17,0
LF:6
LH:0
end_of_record
SF:lib\blocs\create_incident_bloc\create_incident_state.dart
DA:4,0
DA:6,0
DA:7,0
DA:19,0
LF:4
LH:0
end_of_record
SF:lib\blocs\create_incident_bloc\create_incident_bloc.dart
DA:12,0
DA:13,0
DA:14,0
DA:15,0
DA:18,0
DA:19,0
DA:20,0
DA:22,0
DA:24,0
LF:9
LH:0
end_of_record
SF:lib\blocs\get_all_users_bloc\get_all_users_state.dart
DA:4,0
DA:6,0
DA:7,0
DA:15,0
DA:17,0
DA:18,0
DA:24,0
DA:26,0
DA:27,0
LF:9
LH:0
end_of_record
SF:lib\blocs\get_all_users_bloc\get_all_users_bloc.dart
DA:11,0
DA:13,0
DA:14,0
DA:15,0
DA:17,0
DA:18,0
DA:20,0
LF:7
LH:0
end_of_record
SF:lib\blocs\get_all_users_bloc\get_all_users_event.dart
DA:4,0
DA:6,0
DA:7,0
LF:3
LH:0
end_of_record
SF:lib\blocs\get_cat_bloc\get_cat_state.dart
DA:4,0
DA:6,0
DA:7,0
DA:19,0
DA:25,0
LF:5
LH:0
end_of_record
SF:lib\blocs\get_cat_bloc\get_cat_bloc.dart
DA:12,0
DA:14,0
DA:15,0
DA:16,0
DA:18,0
DA:19,0
DA:21,0
DA:22,0
DA:26,0
DA:27,0
DA:29,0
DA:30,0
DA:32,0
DA:33,0
DA:37,0
DA:39,0
DA:40,0
DA:42,0
DA:43,0
LF:19
LH:0
end_of_record
SF:lib\blocs\get_cat_bloc\get_cat_event.dart
DA:4,0
DA:6,0
DA:7,0
DA:15,0
DA:21,0
LF:5
LH:0
end_of_record
SF:lib\blocs\get_all_incidents_bloc\get_all_incidents_state.dart
DA:4,0
DA:6,0
DA:7,0
DA:19,0
LF:4
LH:0
end_of_record
SF:lib\blocs\get_all_incidents_bloc\get_all_incidents_bloc.dart
DA:11,0
DA:13,0
DA:14,0
DA:15,0
DA:17,0
DA:18,0
DA:20,0
LF:7
LH:0
end_of_record
SF:lib\blocs\get_all_incidents_bloc\get_all_incidents_event.dart
DA:4,1
DA:6,0
DA:7,0
DA:11,1
DA:12,0
DA:13,0
DA:20,0
LF:7
LH:2
end_of_record
SF:lib\blocs\get_incidents_for_cat_bloc\get_incidents_for_cat_event.dart
DA:4,0
DA:6,0
DA:7,0
DA:13,0
DA:15,0
DA:16,0
DA:23,0
DA:25,0
DA:26,0
LF:9
LH:0
end_of_record
SF:lib\blocs\get_incidents_for_cat_bloc\get_incidents_for_cat_bloc.dart
DA:14,0
DA:16,0
DA:17,0
DA:18,0
DA:21,0
DA:22,0
DA:23,0
DA:25,0
DA:28,0
DA:30,0
DA:32,0
DA:34,0
LF:12
LH:0
end_of_record
SF:lib\blocs\get_incidents_for_cat_bloc\get_incidents_for_cat_state.dart
DA:4,1
DA:6,0
DA:7,0
DA:17,0
DA:19,0
DA:20,0
DA:26,1
DA:28,0
DA:29,0
LF:9
LH:2
end_of_record
SF:lib\blocs\my_user_bloc\my_user_event.dart
DA:4,0
DA:6,0
DA:7,0
DA:13,0
DA:15,0
DA:16,0
LF:6
LH:0
end_of_record
SF:lib\blocs\my_user_bloc\my_user_bloc.dart
DA:12,0
DA:14,0
DA:15,0
DA:17,0
DA:18,0
DA:20,0
DA:21,0
LF:7
LH:0
end_of_record
SF:lib\blocs\my_user_bloc\my_user_state.dart
DA:9,1
DA:14,1
DA:16,0
DA:17,0
DA:19,1
DA:21,0
DA:22,0
LF:7
LH:3
end_of_record
SF:lib\blocs\sign_in_bloc\sign_in_bloc.dart
DA:15,0
DA:17,0
DA:18,0
DA:19,0
DA:21,0
DA:22,0
DA:24,0
DA:25,0
DA:28,0
DA:29,0
DA:31,0
DA:32,0
DA:34,0
DA:35,0
DA:37,0
DA:39,0
DA:43,0
LF:17
LH:0
end_of_record
SF:lib\blocs\sign_in_bloc\sign_in_event.dart
DA:4,1
DA:6,0
DA:7,0
DA:14,0
DA:18,1
LF:5
LH:2
end_of_record
SF:lib\blocs\sign_in_bloc\sign_in_state.dart
DA:5,1
DA:7,0
DA:8,0
DA:18,1
LF:4
LH:2
end_of_record
SF:lib\blocs\update_user_info_bloc\update_user_info_bloc_state.dart
DA:4,0
DA:6,0
DA:7,0
DA:19,0
DA:21,0
DA:22,0
LF:6
LH:0
end_of_record
SF:lib\blocs\update_user_info_bloc\update_user_info_bloc.dart
DA:11,0
DA:13,0
DA:14,0
DA:15,0
DA:18,0
DA:19,0
DA:21,0
LF:7
LH:0
end_of_record
SF:lib\blocs\update_user_info_bloc\update_user_info_bloc_event.dart
DA:4,0
DA:6,0
DA:7,0
DA:14,0
DA:16,0
DA:17,0
LF:6
LH:0
end_of_record
SF:lib\screens\authentication\welcome_screen.dart
DA:11,1
DA:13,0
DA:14,0
DA:21,0
DA:23,0
DA:24,0
DA:26,0
DA:33,0
DA:35,0
DA:36,0
DA:37,0
DA:41,0
DA:42,0
DA:43,0
DA:44,0
DA:46,0
DA:47,0
DA:53,0
DA:54,0
DA:55,0
DA:56,0
DA:57,0
DA:58,0
DA:59,0
DA:80,0
DA:81,0
DA:82,0
DA:83,0
DA:85,0
DA:86,0
DA:89,0
DA:90,0
DA:92,0
DA:93,0
LF:34
LH:1
end_of_record
SF:lib\screens\home\home_screen.dart
DA:20,2
DA:22,0
DA:23,0
DA:27,0
DA:29,0
DA:30,0
DA:31,0
DA:32,0
DA:33,0
DA:37,0
DA:38,0
DA:39,0
DA:40,0
DA:41,0
DA:43,0
DA:44,0
DA:54,0
DA:55,0
DA:57,0
DA:60,0
DA:61,0
DA:62,0
DA:63,0
DA:64,0
DA:65,0
DA:67,0
DA:68,0
DA:78,0
DA:79,0
DA:80,0
DA:81,0
DA:87,0
DA:89,0
DA:90,0
DA:91,0
DA:92,0
DA:93,0
DA:98,0
DA:99,0
DA:100,0
DA:101,0
DA:103,0
DA:105,0
DA:107,0
DA:109,0
DA:123,0
DA:126,0
DA:127,0
DA:128,0
DA:129,0
DA:131,0
DA:132,0
DA:133,0
DA:134,0
DA:139,0
DA:141,0
DA:143,0
DA:145,0
LF:58
LH:1
end_of_record
SF:lib\blocs\create_cat_bloc\create_cat_state.dart
DA:4,0
DA:6,0
DA:7,0
DA:19,0
LF:4
LH:0
end_of_record
SF:lib\blocs\create_cat_bloc\create_cat_event.dart
DA:4,0
DA:6,0
DA:7,0
DA:13,0
LF:4
LH:0
end_of_record
SF:lib\blocs\create_cat_bloc\create_cat_bloc.dart
DA:11,0
DA:13,0
DA:14,0
DA:15,0
DA:17,0
DA:18,0
DA:20,0
LF:7
LH:0
end_of_record
SF:lib\blocs\sign_up_bloc\sign_up_event.dart
DA:4,0
DA:6,0
DA:7,0
DA:14,0
LF:4
LH:0
end_of_record
SF:lib\blocs\sign_up_bloc\sign_up_bloc.dart
DA:11,0
DA:13,0
DA:14,0
DA:15,0
DA:17,0
DA:18,0
DA:19,0
DA:21,0
LF:8
LH:0
end_of_record
SF:lib\blocs\sign_up_bloc\sign_up_state.dart
DA:4,0
DA:6,0
DA:7,0
LF:3
LH:0
end_of_record
SF:lib\blocs\update_cat_bloc\update_cat_bloc.dart
DA:8,0
DA:9,0
DA:10,0
DA:11,0
DA:13,0
DA:14,0
DA:16,0
LF:7
LH:0
end_of_record
SF:lib\blocs\update_cat_bloc\update_cat_state.dart
DA:4,0
DA:6,0
DA:7,0
DA:18,0
LF:4
LH:0
end_of_record
SF:lib\blocs\update_cat_bloc\update_cat_event.dart
DA:4,0
DA:6,0
DA:7,0
DA:13,0
LF:4
LH:0
end_of_record
SF:lib\components\strings.dart
DA:1,0
DA:3,0
DA:6,0
DA:7,0
LF:4
LH:0
end_of_record
SF:lib\components\textfield.dart
DA:16,0
DA:30,0
DA:32,0
DA:33,0
DA:34,0
DA:35,0
DA:36,0
DA:37,0
DA:38,0
DA:40,0
DA:41,0
DA:42,0
DA:43,0
DA:44,0
DA:45,0
DA:48,0
DA:49,0
DA:51,0
DA:53,0
DA:55,0
DA:56,0
DA:57,0
LF:22
LH:0
end_of_record
SF:lib\screens\authentication\sign_in_screen.dart
DA:11,1
DA:13,0
DA:14,0
DA:26,0
DA:28,0
DA:29,0
DA:30,0
DA:31,0
DA:32,0
DA:34,0
DA:35,0
DA:36,0
DA:39,0
DA:40,0
DA:41,0
DA:43,0
DA:44,0
DA:45,0
DA:46,0
DA:50,0
DA:51,0
DA:52,0
DA:53,0
DA:55,0
DA:56,0
DA:57,0
DA:58,0
DA:63,0
DA:64,0
DA:65,0
DA:67,0
DA:74,0
DA:75,0
DA:76,0
DA:77,0
DA:79,0
DA:82,0
DA:83,0
DA:84,0
DA:86,0
DA:91,0
DA:92,0
DA:93,0
DA:94,0
DA:95,0
DA:96,0
DA:98,0
DA:102,0
DA:107,0
DA:108,0
DA:109,0
DA:111,0
DA:112,0
DA:113,0
DA:114,0
DA:115,0
DA:116,0
DA:119,0
DA:122,0
DA:124,0
DA:125,0
DA:140,0
DA:141,0
DA:143,0
DA:144,0
DA:145,0
DA:147,0
DA:151,0
DA:152,0
LF:69
LH:1
end_of_record
SF:lib\screens\authentication\sign_up_screen.dart
DA:11,1
DA:13,0
DA:14,0
DA:32,0
DA:34,0
DA:35,0
DA:36,0
DA:37,0
DA:38,0
DA:40,0
DA:41,0
DA:42,0
DA:44,0
DA:48,0
DA:49,0
DA:50,0
DA:51,0
DA:52,0
DA:54,0
DA:55,0
DA:56,0
DA:57,0
DA:62,0
DA:63,0
DA:65,0
DA:72,0
DA:73,0
DA:74,0
DA:75,0
DA:77,0
DA:80,0
DA:81,0
DA:82,0
DA:83,0
DA:86,0
DA:87,0
DA:90,0
DA:91,0
DA:92,0
DA:95,0
DA:96,0
DA:99,0
DA:100,0
DA:101,0
DA:104,0
DA:105,0
DA:108,0
DA:109,0
DA:110,0
DA:113,0
DA:114,0
DA:117,0
DA:118,0
DA:119,0
DA:122,0
DA:123,0
DA:128,0
DA:129,0
DA:130,0
DA:131,0
DA:132,0
DA:133,0
DA:135,0
DA:139,0
DA:141,0
DA:142,0
DA:144,0
DA:151,0
DA:154,0
DA:155,0
DA:157,0
DA:158,0
DA:160,0
DA:161,0
DA:163,0
DA:165,0
DA:167,0
DA:168,0
DA:170,0
DA:172,0
DA:174,0
DA:175,0
DA:177,0
DA:181,0
DA:183,0
DA:184,0
DA:186,0
DA:187,0
DA:189,0
DA:191,0
DA:193,0
DA:194,0
DA:196,0
DA:203,0
DA:204,0
DA:205,0
DA:206,0
DA:211,0
DA:212,0
DA:214,0
DA:220,0
DA:221,0
DA:222,0
DA:223,0
DA:224,0
DA:225,0
DA:226,0
DA:227,0
DA:228,0
DA:229,0
DA:230,0
DA:233,0
DA:234,0
DA:235,0
DA:239,0
DA:242,0
DA:244,0
DA:245,0
LF:118
LH:1
end_of_record
SF:lib\screens\home\adoption\available_cats_page.dart
DA:14,0
DA:16,0
DA:18,0
DA:20,0
DA:21,0
DA:22,0
DA:23,0
DA:24,0
DA:25,0
DA:26,0
DA:27,0
DA:29,0
DA:30,0
DA:31,0
DA:32,0
DA:33,0
DA:35,0
DA:47,0
DA:56,0
DA:57,0
DA:59,0
DA:60,0
DA:61,0
DA:63,0
DA:65,0
DA:66,0
DA:67,0
DA:68,0
DA:70,0
DA:76,0
DA:84,0
DA:85,0
DA:86,0
DA:88,0
DA:90,0
DA:91,0
DA:92,0
DA:93,0
DA:95,0
DA:101,0
DA:114,0
DA:116,0
DA:117,0
DA:118,0
DA:119,0
DA:120,0
DA:121,0
DA:122,0
DA:124,0
DA:126,0
DA:127,0
DA:131,0
DA:133,0
DA:135,0
DA:137,0
DA:139,0
DA:140,0
DA:141,0
DA:142,0
DA:145,0
DA:148,0
DA:149,0
DA:150,0
DA:155,0
DA:160,0
DA:162,0
DA:163,0
DA:164,0
DA:170,0
DA:171,0
DA:182,0
DA:183,0
DA:187,0
DA:189,0
DA:192,0
DA:193,0
DA:201,0
DA:202,0
DA:203,0
LF:79
LH:0
end_of_record
SF:lib\screens\home\cat\cat_screen.dart
DA:14,0
DA:16,0
DA:17,0
DA:35,0
DA:37,0
DA:38,0
DA:41,0
DA:43,0
DA:44,0
DA:45,0
DA:46,0
DA:47,0
DA:50,0
DA:51,0
DA:52,0
DA:55,0
DA:56,0
DA:60,0
DA:61,0
DA:62,0
DA:63,0
DA:67,0
DA:69,0
DA:70,0
DA:78,0
DA:80,0
DA:81,0
DA:82,0
DA:83,0
DA:84,0
DA:85,0
DA:86,0
DA:87,0
DA:91,0
DA:92,0
DA:93,0
DA:94,0
DA:98,0
DA:99,0
DA:100,0
DA:101,0
DA:102,0
DA:103,0
DA:104,0
DA:105,0
DA:106,0
DA:107,0
DA:108,0
DA:109,0
DA:110,0
DA:111,0
DA:112,0
DA:113,0
DA:114,0
DA:115,0
DA:116,0
DA:117,0
DA:118,0
DA:121,0
DA:123,0
DA:130,0
DA:132,0
DA:133,0
DA:134,0
DA:135,0
DA:136,0
DA:139,0
DA:141,0
DA:142,0
DA:143,0
DA:144,0
DA:149,0
DA:158,0
DA:162,0
DA:164,0
DA:165,0
DA:174,0
DA:175,0
DA:176,0
DA:181,0
DA:186,0
DA:188,0
DA:189,0
DA:190,0
DA:191,0
DA:192,0
DA:199,0
DA:203,0
DA:205,0
DA:206,0
DA:207,0
DA:208,0
DA:209,0
DA:216,0
DA:218,0
DA:219,0
DA:220,0
DA:221,0
DA:222,0
DA:229,0
DA:231,0
DA:232,0
DA:233,0
DA:234,0
DA:241,0
DA:243,0
DA:244,0
DA:245,0
DA:246,0
DA:253,0
DA:255,0
DA:256,0
DA:257,0
DA:258,0
DA:264,0
DA:274,0
DA:280,0
DA:284,0
DA:286,0
DA:287,0
DA:293,0
DA:299,0
DA:301,0
DA:302,0
DA:303,0
DA:305,0
DA:306,0
DA:308,0
DA:310,0
DA:318,0
DA:323,0
DA:325,0
DA:326,0
DA:327,0
LF:134
LH:0
end_of_record
SF:lib\screens\home\cat\cat_detail_screen.dart
DA:15,0
DA:17,0
DA:18,0
DA:24,0
DA:26,0
DA:27,0
DA:30,0
DA:32,0
DA:33,0
DA:36,0
DA:38,0
DA:40,0
DA:41,0
DA:42,0
DA:45,0
DA:47,0
DA:48,0
DA:57,0
DA:58,0
DA:65,0
DA:67,0
DA:69,0
DA:70,0
DA:77,0
DA:79,0
DA:81,0
DA:82,0
DA:83,0
DA:84,0
DA:90,0
DA:92,0
DA:93,0
DA:94,0
DA:103,0
DA:106,0
DA:107,0
DA:108,0
DA:109,0
DA:110,0
DA:111,0
DA:112,0
DA:113,0
DA:114,0
DA:120,0
DA:121,0
DA:131,0
DA:132,0
DA:134,0
DA:140,0
DA:142,0
DA:144,0
DA:145,0
DA:146,0
DA:147,0
DA:149,0
DA:162,0
DA:165,0
DA:166,0
DA:167,0
DA:169,0
DA:170,0
DA:171,0
DA:172,0
DA:173,0
DA:174,0
DA:179,0
DA:182,0
DA:183,0
DA:190,0
DA:191,0
DA:192,0
DA:193,0
DA:195,0
DA:196,0
DA:197,0
DA:198,0
DA:200,0
DA:207,0
DA:208,0
DA:212,0
DA:215,0
DA:216,0
DA:227,0
DA:228,0
DA:230,0
DA:232,0
DA:234,0
DA:235,0
LF:88
LH:0
end_of_record
SF:lib\screens\home\incidents\cat_incidents_page.dart
DA:11,0
DA:13,0
DA:14,0
DA:18,0
DA:20,0
DA:22,0
DA:23,0
DA:24,0
DA:27,0
DA:29,0
DA:31,0
DA:32,0
DA:34,0
DA:35,0
DA:37,0
DA:39,0
DA:41,0
DA:42,0
DA:49,0
DA:50,0
DA:51,0
DA:52,0
DA:53,0
DA:54,0
DA:55,0
DA:56,0
DA:57,0
DA:58,0
DA:59,0
DA:60,0
DA:62,0
DA:64,0
DA:66,0
DA:67,0
DA:74,0
DA:84,0
DA:85,0
DA:87,0
DA:90,0
DA:91,0
DA:93,0
DA:96,0
DA:97,0
DA:98,0
DA:99,0
DA:100,0
DA:101,0
DA:102,0
DA:104,0
DA:106,0
DA:107,0
DA:108,0
DA:110,0
DA:111,0
DA:112,0
DA:113,0
DA:114,0
DA:121,0
DA:122,0
DA:125,0
DA:126,0
DA:127,0
DA:128,0
DA:129,0
LF:64
LH:0
end_of_record
SF:lib\screens\home\cat\edit_cat_detail_screen.dart
DA:14,0
DA:16,0
DA:17,0
DA:35,0
DA:37,0
DA:38,0
DA:41,0
DA:42,0
DA:43,0
DA:44,0
DA:45,0
DA:46,0
DA:47,0
DA:48,0
DA:49,0
DA:50,0
DA:51,0
DA:54,0
DA:56,0
DA:57,0
DA:58,0
DA:59,0
DA:60,0
DA:63,0
DA:64,0
DA:65,0
DA:69,0
DA:70,0
DA:74,0
DA:75,0
DA:76,0
DA:77,0
DA:80,0
DA:83,0
DA:84,0
DA:88,0
DA:89,0
DA:92,0
DA:93,0
DA:99,0
DA:101,0
DA:102,0
DA:103,0
DA:104,0
DA:107,0
DA:108,0
DA:109,0
DA:110,0
DA:114,0
DA:115,0
DA:116,0
DA:117,0
DA:119,0
DA:120,0
DA:122,0
DA:123,0
DA:124,0
DA:129,0
DA:131,0
DA:132,0
DA:133,0
DA:134,0
DA:135,0
DA:136,0
DA:137,0
DA:140,0
DA:142,0
DA:143,0
DA:144,0
DA:148,0
DA:150,0
DA:158,0
DA:160,0
DA:163,0
DA:166,0
DA:170,0
DA:172,0
DA:173,0
DA:174,0
DA:175,0
DA:176,0
DA:183,0
DA:185,0
DA:186,0
DA:187,0
DA:188,0
DA:189,0
DA:196,0
DA:198,0
DA:199,0
DA:200,0
DA:201,0
DA:208,0
DA:210,0
DA:211,0
DA:212,0
DA:213,0
DA:220,0
DA:222,0
DA:223,0
DA:224,0
DA:225,0
DA:231,0
DA:232,0
DA:233,0
DA:234,0
DA:235,0
DA:236,0
DA:237,0
DA:238,0
DA:239,0
DA:240,0
DA:241,0
DA:242,0
DA:243,0
DA:244,0
DA:245,0
DA:246,0
DA:247,0
DA:248,0
DA:249,0
DA:255,0
DA:256,0
DA:258,0
DA:271,0
DA:272,0
DA:283,0
DA:285,0
DA:289,0
DA:291,0
DA:292,0
DA:298,0
DA:304,0
DA:306,0
DA:307,0
DA:308,0
DA:310,0
DA:311,0
DA:313,0
DA:315,0
DA:323,0
DA:328,0
DA:330,0
DA:331,0
DA:332,0
LF:145
LH:0
end_of_record
SF:lib\screens\home\create_donations_page.dart
DA:8,1
DA:10,0
DA:11,0
DA:21,0
DA:22,0
DA:23,0
DA:24,0
DA:25,0
DA:26,0
DA:27,0
DA:32,0
DA:33,0
DA:34,0
DA:36,0
DA:37,0
DA:38,0
DA:40,0
DA:41,0
DA:46,0
DA:47,0
DA:48,0
DA:49,0
DA:50,0
DA:51,0
DA:53,0
DA:55,0
DA:56,0
DA:57,0
DA:58,0
DA:60,0
DA:62,0
DA:66,0
DA:67,0
DA:68,0
DA:69,0
DA:71,0
DA:79,0
DA:81,0
DA:82,0
DA:83,0
DA:85,0
DA:86,0
DA:87,0
DA:88,0
DA:95,0
DA:96,0
DA:104,0
DA:105,0
DA:113,0
DA:114,0
DA:121,0
DA:122,0
DA:126,0
DA:129,0
DA:130,0
DA:131,0
DA:134,0
DA:135,0
LF:58
LH:1
end_of_record
SF:lib\screens\home\donations_page.dart
DA:8,1
DA:10,0
DA:11,0
DA:15,0
DA:17,0
DA:19,0
DA:20,0
DA:22,0
DA:23,0
DA:24,0
DA:26,0
DA:28,0
DA:30,0
DA:31,0
DA:38,0
DA:39,0
DA:40,0
DA:41,0
DA:43,0
DA:45,0
DA:49,0
DA:51,0
DA:52,0
DA:53,0
DA:54,0
DA:55,0
DA:56,0
DA:64,0
DA:66,0
DA:67,0
DA:68,0
DA:69,0
DA:70,0
DA:71,0
DA:73,0
DA:75,0
DA:77,0
DA:78,0
DA:79,0
DA:81,0
DA:83,0
DA:84,0
DA:85,0
DA:87,0
DA:92,0
DA:94,0
DA:96,0
DA:97,0
DA:105,0
DA:107,0
DA:108,0
DA:110,0
DA:113,0
DA:117,0
DA:119,0
DA:120,0
DA:121,0
DA:123,0
DA:124,0
DA:127,0
DA:128,0
DA:129,0
DA:140,0
DA:141,0
DA:143,0
DA:144,0
DA:146,0
DA:147,0
DA:148,0
DA:149,0
DA:158,0
DA:160,0
DA:162,0
DA:163,0
DA:176,0
DA:182,0
DA:183,0
DA:195,0
DA:197,0
DA:198,0
DA:199,0
DA:200,0
DA:201,0
DA:202,0
DA:203,0
DA:204,0
DA:205,0
DA:206,0
DA:207,0
DA:210,0
DA:211,0
DA:212,0
DA:213,0
DA:214,0
DA:215,0
DA:216,0
DA:217,0
DA:218,0
DA:219,0
DA:221,0
DA:224,0
DA:226,0
DA:227,0
DA:228,0
DA:230,0
DA:231,0
DA:232,0
DA:233,0
DA:240,0
DA:241,0
DA:249,0
DA:250,0
DA:258,0
DA:259,0
DA:267,0
DA:268,0
DA:275,0
DA:276,0
LF:118
LH:1
end_of_record
SF:lib\screens\home\feeding\add_feeding_task_page.dart
DA:7,1
DA:9,0
DA:10,0
DA:29,0
DA:30,0
DA:31,0
DA:32,0
DA:33,0
DA:34,0
DA:35,0
DA:36,0
DA:37,0
DA:38,0
DA:39,0
DA:40,0
DA:42,0
DA:44,0
DA:50,0
DA:51,0
DA:52,0
DA:53,0
DA:54,0
DA:55,0
DA:59,0
DA:60,0
DA:65,0
DA:67,0
DA:68,0
DA:69,0
DA:73,0
DA:74,0
DA:76,0
DA:77,0
DA:78,0
DA:80,0
DA:82,0
DA:83,0
DA:84,0
DA:86,0
DA:87,0
DA:88,0
DA:89,0
DA:90,0
DA:91,0
DA:96,0
DA:97,0
DA:98,0
DA:100,0
DA:102,0
DA:103,0
DA:104,0
DA:105,0
DA:106,0
DA:107,0
DA:108,0
DA:119,0
DA:120,0
DA:121,0
DA:122,0
DA:124,0
DA:126,0
DA:127,0
DA:128,0
DA:129,0
DA:138,0
DA:139,0
DA:140,0
DA:141,0
DA:143,0
DA:145,0
DA:146,0
DA:147,0
DA:148,0
DA:157,0
DA:158,0
DA:160,0
DA:161,0
DA:162,0
DA:171,0
DA:172,0
DA:174,0
DA:175,0
DA:176,0
DA:185,0
DA:186,0
LF:85
LH:1
end_of_record
SF:lib\screens\home\feeding\feeding_schedule_page.dart
DA:10,1
DA:12,0
DA:13,0
DA:21,0
DA:23,0
DA:24,0
DA:27,0
DA:28,0
DA:29,0
DA:30,0
DA:33,0
DA:34,0
DA:35,0
DA:36,0
DA:40,0
DA:43,0
DA:45,0
DA:47,0
DA:48,0
DA:50,0
DA:51,0
DA:52,0
DA:54,0
DA:55,0
DA:56,0
DA:58,0
DA:60,0
DA:61,0
DA:62,0
DA:63,0
DA:64,0
DA:65,0
DA:68,0
DA:69,0
DA:72,0
DA:73,0
DA:74,0
DA:77,0
DA:79,0
DA:80,0
DA:81,0
DA:82,0
DA:84,0
DA:87,0
DA:91,0
DA:94,0
DA:96,0
DA:97,0
DA:100,0
DA:101,0
DA:105,0
DA:107,0
DA:108,0
DA:109,0
DA:110,0
DA:111,0
DA:113,0
DA:114,0
DA:115,0
DA:122,0
DA:123,0
DA:124,0
DA:125,0
DA:126,0
DA:128,0
DA:131,0
DA:132,0
DA:133,0
DA:134,0
DA:135,0
DA:137,0
DA:140,0
DA:142,0
DA:143,0
DA:145,0
DA:146,0
DA:148,0
DA:152,0
DA:153,0
DA:154,0
DA:155,0
DA:156,0
DA:157,0
DA:158,0
DA:159,0
DA:160,0
DA:161,0
DA:164,0
DA:167,0
DA:168,0
DA:169,0
DA:170,0
DA:171,0
DA:172,0
DA:174,0
DA:175,0
DA:176,0
DA:179,0
DA:181,0
DA:184,0
DA:185,0
DA:188,0
DA:192,0
LF:103
LH:1
end_of_record
SF:lib\screens\home\incidents\report_incident_page.dart
DA:13,1
DA:15,0
DA:16,0
DA:28,0
DA:30,0
DA:31,0
DA:34,0
DA:35,0
DA:36,0
DA:39,0
DA:40,0
DA:45,0
DA:46,0
DA:48,0
DA:49,0
DA:50,0
DA:51,0
DA:53,0
DA:54,0
DA:57,0
DA:58,0
DA:64,0
DA:66,0
DA:67,0
DA:68,0
DA:69,0
DA:70,0
DA:71,0
DA:75,0
DA:76,0
DA:77,0
DA:78,0
DA:84,0
DA:85,0
DA:88,0
DA:90,0
DA:91,0
DA:92,0
DA:93,0
DA:102,0
DA:103,0
DA:104,0
DA:106,0
DA:107,0
DA:112,0
DA:113,0
DA:114,0
DA:115,0
DA:117,0
DA:120,0
DA:121,0
DA:123,0
DA:124,0
DA:125,0
DA:141,0
DA:142,0
DA:143,0
DA:145,0
DA:146,0
DA:147,0
DA:148,0
DA:149,0
DA:151,0
DA:153,0
DA:154,0
DA:156,0
DA:157,0
DA:158,0
DA:174,0
DA:177,0
DA:178,0
DA:180,0
DA:181,0
DA:183,0
DA:184,0
DA:185,0
DA:186,0
DA:193,0
DA:195,0
DA:196,0
DA:200,0
DA:202,0
DA:203,0
DA:204,0
DA:205,0
DA:210,0
DA:212,0
DA:213,0
DA:214,0
DA:215,0
DA:220,0
DA:221,0
DA:222,0
DA:223,0
DA:224,0
DA:225,0
DA:226,0
DA:228,0
DA:229,0
DA:230,0
DA:233,0
DA:235,0
DA:236,0
DA:237,0
DA:238,0
DA:239,0
DA:240,0
DA:241,0
DA:243,0
DA:244,0
DA:247,0
DA:248,0
DA:251,0
DA:258,0
LF:114
LH:1
end_of_record
SF:lib\screens\home\products_page.dart
DA:7,1
DA:9,0
DA:10,0
DA:16,0
DA:18,0
DA:19,0
DA:20,0
DA:21,0
DA:26,0
DA:27,0
DA:28,0
DA:30,0
DA:31,0
DA:32,0
DA:35,0
DA:37,0
DA:38,0
DA:39,0
DA:40,0
DA:44,0
DA:45,0
DA:46,0
DA:47,0
DA:48,0
DA:49,0
DA:50,0
DA:51,0
DA:58,0
DA:59,0
DA:60,0
DA:61,0
DA:62,0
DA:65,0
DA:67,0
DA:69,0
DA:71,0
DA:72,0
DA:74,0
DA:75,0
DA:76,0
DA:77,0
DA:81,0
DA:83,0
DA:84,0
DA:89,0
DA:90,0
DA:92,0
DA:94,0
DA:98,0
DA:100,0
DA:101,0
DA:105,0
DA:106,0
DA:108,0
DA:110,0
DA:113,0
DA:118,0
DA:122,0
DA:130,0
DA:131,0
DA:133,0
DA:134,0
DA:137,0
DA:139,0
DA:140,0
DA:141,0
DA:144,0
DA:145,0
DA:146,0
DA:148,0
DA:157,0
DA:159,0
DA:166,0
DA:167,0
DA:169,0
DA:170,0
LF:76
LH:1
end_of_record
SF:lib\screens\home\user_duties_page.dart
DA:9,1
DA:11,0
DA:12,0
DA:18,0
DA:20,0
DA:22,0
DA:24,0
DA:25,0
DA:34,0
DA:35,0
DA:36,0
DA:37,0
DA:44,0
DA:45,0
DA:46,0
DA:47,0
DA:48,0
DA:49,0
DA:50,0
DA:51,0
DA:52,0
DA:54,0
DA:56,0
DA:60,0
DA:62,0
DA:63,0
DA:64,0
DA:65,0
DA:66,0
DA:67,0
DA:68,0
DA:70,0
DA:72,0
DA:73,0
DA:81,0
DA:82,0
DA:83,0
DA:84,0
DA:85,0
DA:86,0
DA:87,0
DA:88,0
DA:89,0
DA:91,0
DA:92,0
DA:94,0
DA:98,0
DA:100,0
DA:101,0
DA:102,0
DA:103,0
DA:104,0
DA:106,0
DA:107,0
DA:109,0
DA:111,0
DA:112,0
LF:57
LH:1
end_of_record
SF:lib\screens\home\incidents\all_incidents_page.dart
DA:9,1
DA:11,0
DA:12,0
DA:18,0
DA:20,0
DA:21,0
DA:22,0
DA:24,0
DA:27,0
DA:28,0
DA:29,0
DA:32,0
DA:33,0
DA:34,0
DA:35,0
DA:37,0
DA:38,0
DA:42,0
DA:44,0
DA:46,0
DA:47,0
DA:57,0
DA:58,0
DA:59,0
DA:60,0
DA:62,0
DA:63,0
DA:64,0
DA:66,0
DA:68,0
DA:70,0
DA:72,0
DA:73,0
DA:74,0
DA:76,0
DA:77,0
DA:78,0
DA:79,0
DA:80,0
DA:83,0
DA:84,0
DA:85,0
DA:86,0
DA:87,0
DA:92,0
DA:101,0
DA:102,0
DA:103,0
DA:107,0
DA:108,0
DA:109,0
DA:110,0
DA:111,0
DA:113,0
DA:115,0
DA:117,0
DA:118,0
DA:119,0
DA:121,0
DA:122,0
DA:123,0
DA:124,0
DA:125,0
DA:128,0
LF:64
LH:1
end_of_record
